2024.04.12 17:32:39 INFO  Started: Metals version 0.11.12 in workspace 'E:\Transformer\Matlab' for client Visual Studio Code 1.88.1.
4月 12, 2024 5:32:39 下午 org.flywaydb.core.internal.license.VersionPrinter printVersionOnly
信息: Flyway Community Edition 9.16.3 by Redgate
4月 12, 2024 5:32:39 下午 org.flywaydb.core.internal.license.VersionPrinter printVersion
信息: See release notes here: https://rd.gt/416ObMi
4月 12, 2024 5:32:39 下午 org.flywaydb.core.internal.license.VersionPrinter printVersion
信息: 
4月 12, 2024 5:32:39 下午 org.flywaydb.core.internal.database.base.BaseDatabaseType createDatabase
信息: Database: jdbc:h2:file:E:\Transformer\Matlab\.metals\metals (H2 2.1)
4月 12, 2024 5:32:39 下午 org.flywaydb.core.internal.schemahistory.JdbcTableSchemaHistory allAppliedMigrations
信息: Schema history table "PUBLIC"."flyway_schema_history" does not exist yet
4月 12, 2024 5:32:39 下午 org.flywaydb.core.internal.command.DbValidate validate
信息: Successfully validated 4 migrations (execution time 00:00.020s)
4月 12, 2024 5:32:39 下午 org.flywaydb.core.internal.schemahistory.JdbcTableSchemaHistory create
信息: Creating Schema History table "PUBLIC"."flyway_schema_history" ...
4月 12, 2024 5:32:39 下午 org.flywaydb.core.internal.command.DbMigrate migrateGroup
信息: Current version of schema "PUBLIC": << Empty Schema >>
4月 12, 2024 5:32:39 下午 org.flywaydb.core.internal.command.DbMigrate doMigrateGroup
信息: Migrating schema "PUBLIC" to version "1 - Create tables"
4月 12, 2024 5:32:39 下午 org.flywaydb.core.internal.command.DbMigrate doMigrateGroup
信息: Migrating schema "PUBLIC" to version "2 - Server discovery"
4月 12, 2024 5:32:39 下午 org.flywaydb.core.internal.command.DbMigrate doMigrateGroup
信息: Migrating schema "PUBLIC" to version "3 - Jar symbols"
4月 12, 2024 5:32:40 下午 org.flywaydb.core.internal.command.DbMigrate doMigrateGroup
信息: Migrating schema "PUBLIC" to version "4 - Fingerprints"
4月 12, 2024 5:32:40 下午 org.flywaydb.core.internal.command.DbMigrate logSummary
信息: Successfully applied 4 migrations to schema "PUBLIC", now at version v4 (execution time 00:00.063s)
2024.04.12 17:32:40 INFO  time: initialize in 0.7s
2024.04.12 17:32:42 WARN  Build server is not auto-connectable.
2024.04.12 17:38:49 INFO  Shutting down server
2024.04.12 17:38:49 INFO  shutting down Metals
2024.04.12 17:38:49 INFO  Exiting server
2024.04.13 00:17:45 INFO  Started: Metals version 0.11.12 in workspace 'E:\Transformer\Matlab' for client Visual Studio Code 1.88.1.
4月 13, 2024 12:17:45 上午 org.flywaydb.core.internal.license.VersionPrinter printVersionOnly
信息: Flyway Community Edition 9.16.3 by Redgate
4月 13, 2024 12:17:45 上午 org.flywaydb.core.internal.license.VersionPrinter printVersion
信息: See release notes here: https://rd.gt/416ObMi
4月 13, 2024 12:17:45 上午 org.flywaydb.core.internal.license.VersionPrinter printVersion
信息: 
4月 13, 2024 12:17:46 上午 org.flywaydb.core.internal.database.base.BaseDatabaseType createDatabase
信息: Database: jdbc:h2:file:E:\Transformer\Matlab\.metals\metals (H2 2.1)
4月 13, 2024 12:17:46 上午 org.flywaydb.core.internal.command.DbValidate validate
信息: Successfully validated 4 migrations (execution time 00:00.026s)
4月 13, 2024 12:17:46 上午 org.flywaydb.core.internal.command.DbMigrate migrateGroup
信息: Current version of schema "PUBLIC": 4
4月 13, 2024 12:17:46 上午 org.flywaydb.core.internal.command.DbMigrate logSummary
信息: Schema "PUBLIC" is up to date. No migration necessary.
2024.04.13 00:17:46 INFO  time: initialize in 0.77s
2024.04.13 00:17:48 WARN  Build server is not auto-connectable.
2024.04.13 00:18:45 INFO  Shutting down server
2024.04.13 00:18:45 INFO  shutting down Metals
2024.04.13 00:18:45 INFO  Exiting server
2024.04.13 13:20:51 INFO  Started: Metals version 0.11.12 in workspace 'E:\Transformer\Matlab' for client Visual Studio Code 1.88.1.
4月 13, 2024 1:20:51 下午 org.flywaydb.core.internal.license.VersionPrinter printVersionOnly
信息: Flyway Community Edition 9.16.3 by Redgate
4月 13, 2024 1:20:51 下午 org.flywaydb.core.internal.license.VersionPrinter printVersion
信息: See release notes here: https://rd.gt/416ObMi
4月 13, 2024 1:20:51 下午 org.flywaydb.core.internal.license.VersionPrinter printVersion
信息: 
4月 13, 2024 1:20:52 下午 org.flywaydb.core.internal.database.base.BaseDatabaseType createDatabase
信息: Database: jdbc:h2:file:E:\Transformer\Matlab\.metals\metals (H2 2.1)
4月 13, 2024 1:20:52 下午 org.flywaydb.core.internal.command.DbValidate validate
信息: Successfully validated 4 migrations (execution time 00:00.037s)
4月 13, 2024 1:20:52 下午 org.flywaydb.core.internal.command.DbMigrate migrateGroup
信息: Current version of schema "PUBLIC": 4
4月 13, 2024 1:20:52 下午 org.flywaydb.core.internal.command.DbMigrate logSummary
信息: Schema "PUBLIC" is up to date. No migration necessary.
2024.04.13 13:20:52 INFO  time: initialize in 1.05s
2024.04.13 13:20:55 WARN  Build server is not auto-connectable.
